TN:
SF:/Users/hzektser/IdeaProjects/koa_angular2_seed/dist/jwt-middleware.js
FN:2,jwtMiddleware
FN:12,(anonymous_2)
FNF:2
FNH:2
FNDA:1,jwtMiddleware
FNDA:1,(anonymous_2)
DA:1,1
DA:2,1
DA:3,1
DA:4,1
DA:5,1
DA:7,1
DA:8,1
DA:9,1
DA:11,1
DA:12,1
DA:13,1
DA:14,1
DA:15,1
DA:17,0
DA:18,0
DA:20,0
DA:21,0
DA:22,0
DA:24,0
DA:25,0
DA:27,0
DA:28,0
DA:31,0
DA:32,0
DA:34,0
DA:35,0
DA:38,1
LF:27
LH:14
BRDA:4,1,0,1
BRDA:4,1,1,0
BRDA:5,2,0,1
BRDA:5,2,1,0
BRDA:7,3,0,0
BRDA:7,3,1,1
BRDA:8,4,0,1
BRDA:8,4,1,0
BRDA:13,5,0,1
BRDA:13,5,1,0
BRDA:17,6,0,0
BRDA:17,6,1,0
BRDA:21,7,0,0
BRDA:21,7,1,0
BRDA:24,8,0,0
BRDA:24,8,1,0
BRF:16
BRH:5
end_of_record
TN:
SF:/Users/hzektser/IdeaProjects/koa_angular2_seed/dist/server.js
FN:36,(anonymous_1)
FN:41,(anonymous_2)
FN:45,(anonymous_3)
FN:49,(anonymous_4)
FNF:4
FNH:1
FNDA:1,(anonymous_1)
FNDA:0,(anonymous_2)
FNDA:0,(anonymous_3)
FNDA:0,(anonymous_4)
DA:2,1
DA:3,1
DA:4,1
DA:5,1
DA:6,1
DA:7,1
DA:8,1
DA:9,1
DA:10,1
DA:11,1
DA:12,1
DA:13,1
DA:14,1
DA:15,1
DA:16,1
DA:17,1
DA:18,1
DA:19,1
DA:33,1
DA:34,1
DA:35,1
DA:36,1
DA:37,1
DA:39,1
DA:40,1
DA:41,1
DA:42,0
DA:43,0
DA:44,0
DA:45,0
DA:46,0
DA:49,1
DA:50,0
DA:52,1
LF:34
LH:28
BRF:0
BRH:0
end_of_record
TN:
SF:/Users/hzektser/IdeaProjects/koa_angular2_seed/dist/models/room.js
FN:2,(anonymous_1)
FN:3,getRooms
FN:5,(anonymous_3)
FN:12,(anonymous_4)
FN:23,upsertRoom
FN:25,(anonymous_6)
FN:37,(anonymous_7)
FNF:7
FNH:7
FNDA:1,(anonymous_1)
FNDA:3,getRooms
FNDA:3,(anonymous_3)
FNDA:5,(anonymous_4)
FNDA:2,upsertRoom
FNDA:2,(anonymous_6)
FNDA:2,(anonymous_7)
DA:1,1
DA:2,1
DA:3,1
DA:4,3
DA:5,3
DA:6,3
DA:7,0
DA:8,0
DA:10,3
DA:11,3
DA:12,3
DA:13,5
DA:14,0
DA:15,0
DA:17,5
DA:22,1
DA:23,1
DA:24,2
DA:25,2
DA:26,2
DA:27,0
DA:28,0
DA:30,2
DA:31,2
DA:32,0
DA:35,2
DA:37,2
DA:38,2
DA:39,0
DA:40,0
DA:42,2
DA:47,1
LF:32
LH:23
BRDA:6,1,0,0
BRDA:6,1,1,3
BRDA:13,2,0,0
BRDA:13,2,1,5
BRDA:17,3,0,2
BRDA:17,3,1,3
BRDA:26,4,0,0
BRDA:26,4,1,2
BRDA:31,5,0,0
BRDA:31,5,1,2
BRDA:38,6,0,0
BRDA:38,6,1,2
BRDA:48,7,0,1
BRDA:48,7,1,1
BRF:14
BRH:9
end_of_record
TN:
SF:/Users/hzektser/IdeaProjects/koa_angular2_seed/dist/models/user.js
FN:2,(anonymous_1)
FN:3,getFacebookUser
FN:5,(anonymous_3)
FN:10,(anonymous_4)
FN:21,getTwitterUser
FN:23,(anonymous_6)
FN:28,(anonymous_7)
FN:39,upsertFacebookUser
FN:41,(anonymous_9)
FN:53,(anonymous_10)
FN:64,upsertTwitterUser
FN:66,(anonymous_12)
FN:78,(anonymous_13)
FNF:13
FNH:13
FNDA:1,(anonymous_1)
FNDA:4,getFacebookUser
FNDA:4,(anonymous_3)
FNDA:4,(anonymous_4)
FNDA:4,getTwitterUser
FNDA:4,(anonymous_6)
FNDA:4,(anonymous_7)
FNDA:3,upsertFacebookUser
FNDA:3,(anonymous_9)
FNDA:3,(anonymous_10)
FNDA:3,upsertTwitterUser
FNDA:3,(anonymous_12)
FNDA:3,(anonymous_13)
DA:1,1
DA:2,1
DA:3,1
DA:4,4
DA:5,4
DA:6,4
DA:7,0
DA:8,0
DA:10,4
DA:11,4
DA:12,0
DA:13,0
DA:15,4
DA:20,1
DA:21,1
DA:22,4
DA:23,4
DA:24,4
DA:25,0
DA:26,0
DA:28,4
DA:29,4
DA:30,0
DA:31,0
DA:33,4
DA:38,1
DA:39,1
DA:40,3
DA:41,3
DA:42,3
DA:43,0
DA:44,0
DA:46,3
DA:47,3
DA:48,0
DA:51,3
DA:53,3
DA:54,3
DA:55,0
DA:56,0
DA:58,3
DA:63,1
DA:64,1
DA:65,3
DA:66,3
DA:67,3
DA:68,0
DA:69,0
DA:71,3
DA:72,3
DA:73,0
DA:76,3
DA:78,3
DA:79,3
DA:80,0
DA:81,0
DA:83,3
DA:88,1
LF:58
LH:40
BRDA:6,1,0,0
BRDA:6,1,1,4
BRDA:11,2,0,0
BRDA:11,2,1,4
BRDA:24,3,0,0
BRDA:24,3,1,4
BRDA:29,4,0,0
BRDA:29,4,1,4
BRDA:42,5,0,0
BRDA:42,5,1,3
BRDA:47,6,0,0
BRDA:47,6,1,3
BRDA:54,7,0,0
BRDA:54,7,1,3
BRDA:67,8,0,0
BRDA:67,8,1,3
BRDA:72,9,0,0
BRDA:72,9,1,3
BRDA:79,10,0,0
BRDA:79,10,1,3
BRDA:89,11,0,1
BRDA:89,11,1,1
BRF:22
BRH:12
end_of_record
TN:
SF:/Users/hzektser/IdeaProjects/koa_angular2_seed/dist/routes/api.js
FN:3,(anonymous_1)
FNF:1
FNH:0
FNDA:0,(anonymous_1)
DA:1,1
DA:2,1
DA:3,1
DA:4,0
DA:6,1
LF:5
LH:4
BRF:0
BRH:0
end_of_record
TN:
SF:/Users/hzektser/IdeaProjects/koa_angular2_seed/dist/routes/index.js
FN:10,(anonymous_1)
FN:33,(anonymous_2)
FNF:2
FNH:0
FNDA:0,(anonymous_1)
FNDA:0,(anonymous_2)
DA:1,1
DA:2,1
DA:3,1
DA:4,1
DA:5,1
DA:6,1
DA:7,1
DA:8,1
DA:9,1
DA:10,1
DA:11,0
DA:12,0
DA:13,0
DA:14,0
DA:15,0
DA:16,0
DA:17,0
DA:18,0
DA:19,0
DA:20,0
DA:21,0
DA:22,0
DA:23,0
DA:24,0
DA:28,0
DA:31,0
DA:33,1
DA:34,0
DA:35,0
DA:36,0
DA:37,0
DA:38,0
DA:39,0
DA:40,0
DA:41,0
DA:42,0
DA:43,0
DA:44,0
DA:45,0
DA:46,0
DA:47,0
DA:54,0
DA:57,0
DA:59,1
DA:60,1
LF:45
LH:13
BRDA:12,1,0,0
BRDA:12,1,1,0
BRDA:15,2,0,0
BRDA:15,2,1,0
BRDA:18,3,0,0
BRDA:18,3,1,0
BRDA:35,4,0,0
BRDA:35,4,1,0
BRDA:38,5,0,0
BRDA:38,5,1,0
BRDA:41,6,0,0
BRDA:41,6,1,0
BRF:12
BRH:0
end_of_record
TN:
SF:/Users/hzektser/IdeaProjects/koa_angular2_seed/dist/routes/static.js
FN:6,(anonymous_1)
FN:12,(anonymous_2)
FNF:2
FNH:1
FNDA:1,(anonymous_1)
FNDA:0,(anonymous_2)
DA:1,1
DA:2,1
DA:3,1
DA:4,1
DA:5,1
DA:6,1
DA:7,1
DA:12,1
DA:13,0
DA:18,1
LF:10
LH:9
BRF:0
BRH:0
end_of_record
TN:
SF:/Users/hzektser/IdeaProjects/koa_angular2_seed/dist/services/facebook-service.js
FN:3,(anonymous_1)
FN:4,getUser
FNF:2
FNH:2
FNDA:1,(anonymous_1)
FNDA:2,getUser
DA:1,1
DA:2,1
DA:3,1
DA:4,1
DA:5,2
DA:6,2
DA:7,2
DA:8,2
DA:9,1
DA:12,1
DA:17,1
DA:22,1
LF:12
LH:12
BRDA:8,1,0,1
BRDA:8,1,1,1
BRDA:8,2,0,2
BRDA:8,2,1,2
BRDA:23,3,0,1
BRDA:23,3,1,1
BRF:6
BRH:6
end_of_record
TN:
SF:/Users/hzektser/IdeaProjects/koa_angular2_seed/dist/services/twitter-service.js
FN:4,(anonymous_1)
FN:5,getUser
FN:13,(anonymous_3)
FNF:3
FNH:3
FNDA:1,(anonymous_1)
FNDA:2,getUser
FNDA:2,(anonymous_3)
DA:1,1
DA:2,1
DA:3,1
DA:4,1
DA:5,1
DA:6,2
DA:7,2
DA:13,2
DA:14,2
DA:15,1
DA:18,1
DA:22,1
DA:27,1
LF:13
LH:13
BRDA:14,1,0,1
BRDA:14,1,1,1
BRDA:28,2,0,1
BRDA:28,2,1,1
BRF:4
BRH:4
end_of_record
TN:
SF:/Users/hzektser/IdeaProjects/koa_angular2_seed/dist/util/logging.js
FN:2,(anonymous_1)
FN:15,(anonymous_2)
FN:18,log
FN:22,info
FN:26,warn
FN:30,error
FN:34,debug
FNF:7
FNH:4
FNDA:1,(anonymous_1)
FNDA:5,(anonymous_2)
FNDA:5,log
FNDA:2,info
FNDA:0,warn
FNDA:0,error
FNDA:0,debug
DA:1,1
DA:2,1
DA:3,1
DA:4,1
DA:5,1
DA:6,1
DA:7,1
DA:8,0
DA:14,1
DA:15,1
DA:16,5
DA:18,1
DA:19,5
DA:21,1
DA:22,1
DA:23,2
DA:25,1
DA:26,1
DA:27,0
DA:29,1
DA:30,1
DA:31,0
DA:33,1
DA:34,1
DA:35,0
DA:37,1
LF:26
LH:22
BRDA:6,1,0,1
BRDA:6,1,1,0
BRDA:7,2,0,0
BRDA:7,2,1,1
BRDA:19,3,0,5
BRDA:19,3,1,0
BRDA:23,4,0,2
BRDA:23,4,1,0
BRDA:27,5,0,0
BRDA:27,5,1,0
BRDA:31,6,0,0
BRDA:31,6,1,0
BRDA:35,7,0,0
BRDA:35,7,1,0
BRDA:38,8,0,1
BRDA:38,8,1,1
BRF:16
BRH:6
end_of_record
